#
# There is insufficient memory for the Java Runtime Environment to continue.
# Native memory allocation (malloc) failed to allocate 1112288 bytes for Chunk::new
# Possible reasons:
#   The system is out of physical RAM or swap space
#   In 32 bit mode, the process size limit was hit
# Possible solutions:
#   Reduce memory load on the system
#   Increase physical memory or swap space
#   Check if swap backing store is full
#   Use 64 bit Java on a 64 bit OS
#   Decrease Java heap size (-Xmx/-Xms)
#   Decrease number of Java threads
#   Decrease Java thread stack sizes (-Xss)
#   Set larger code cache with -XX:ReservedCodeCacheSize=
# This output file may be truncated or incomplete.
#
#  Out of Memory Error (allocation.cpp:390), pid=4220, tid=0x0000000000002f04
#
# JRE version: OpenJDK Runtime Environment (8.0_152-b02) (build 1.8.0_152-release-1024-b02)
# Java VM: OpenJDK 64-Bit Server VM (25.152-b02 mixed mode windows-amd64 compressed oops)
# Failed to write core dump. Minidumps are not enabled by default on client versions of Windows
#

---------------  T H R E A D  ---------------

Current thread (0x0000000016ba1000):  JavaThread "C2 CompilerThread1" daemon [_thread_in_native, id=12036, stack(0x00000000182e0000,0x00000000183e0000)]

Stack: [0x00000000182e0000,0x00000000183e0000]
[error occurred during error reporting (printing stack bounds), id 0xc0000005]

Native frames: (J=compiled Java code, j=interpreted, Vv=VM code, C=native code)


Current CompileTask:
C2:4587251 29087       4       com.android.utils.XmlUtils::append (540 bytes)


---------------  P R O C E S S  ---------------

Java Threads: ( => current thread )
  0x0000000026e51800 JavaThread "queued-resource-processor_16" daemon [_thread_blocked, id=9376, stack(0x000000003ec00000,0x000000003ed00000)]
  0x0000000026e4b800 JavaThread "queued-resource-processor_15" daemon [_thread_blocked, id=1752, stack(0x000000003eb00000,0x000000003ec00000)]
  0x0000000026e4a000 JavaThread "queued-resource-processor_14" daemon [_thread_blocked, id=1232, stack(0x000000003ea00000,0x000000003eb00000)]
  0x0000000026e50000 JavaThread "queued-resource-processor_13" daemon [_thread_blocked, id=8096, stack(0x000000003e900000,0x000000003ea00000)]
  0x0000000026e4c000 JavaThread "Worker Daemon Execution Thread 28" [_thread_blocked, id=4364, stack(0x000000003e800000,0x000000003e900000)]
  0x0000000026e42800 JavaThread "Worker Daemon Execution Thread 27" [_thread_blocked, id=3972, stack(0x000000003e700000,0x000000003e800000)]
  0x0000000026e46000 JavaThread "Worker Daemon Execution Thread 26" [_thread_blocked, id=4692, stack(0x000000003e600000,0x000000003e700000)]
  0x0000000026e44800 JavaThread "Worker Daemon Execution Thread 25" [_thread_blocked, id=10304, stack(0x000000003e500000,0x000000003e600000)]
  0x0000000026e49000 JavaThread "Worker Daemon Execution Thread 24" [_thread_blocked, id=6708, stack(0x000000003e400000,0x000000003e500000)]
  0x0000000026e48800 JavaThread "Worker Daemon Execution Thread 23" [_thread_blocked, id=6860, stack(0x000000003e300000,0x000000003e400000)]
  0x0000000026e44000 JavaThread "Worker Daemon Execution Thread 22" [_thread_blocked, id=7972, stack(0x000000003e200000,0x000000003e300000)]
  0x0000000026e47000 JavaThread "Worker Daemon Execution Thread 21" [_thread_blocked, id=3392, stack(0x000000003e100000,0x000000003e200000)]
  0x000000001d6b7800 JavaThread "Worker Daemon Execution Thread 20" [_thread_blocked, id=6132, stack(0x000000003e000000,0x000000003e100000)]
  0x000000001d6b0000 JavaThread "Worker Daemon Execution Thread 19" [_thread_blocked, id=7624, stack(0x000000003df00000,0x000000003e000000)]
  0x000000001d6b1000 JavaThread "Worker Daemon Execution Thread 18" [_thread_blocked, id=7828, stack(0x000000003de00000,0x000000003df00000)]
  0x000000001d6b6000 JavaThread "Worker Daemon Execution Thread 17" [_thread_blocked, id=10268, stack(0x000000003dd00000,0x000000003de00000)]
  0x000000001d6b3000 JavaThread "Worker Daemon Execution Thread 16" [_thread_blocked, id=8508, stack(0x000000003dc00000,0x000000003dd00000)]
  0x000000001d6b2800 JavaThread "Worker Daemon Execution Thread 15" [_thread_blocked, id=11816, stack(0x000000003db00000,0x000000003dc00000)]
  0x000000001d6b7000 JavaThread "Worker Daemon Execution Thread 14" [_thread_blocked, id=2548, stack(0x000000003da00000,0x000000003db00000)]
  0x000000001d6b1800 JavaThread "Worker Daemon Execution Thread 13" [_thread_blocked, id=10276, stack(0x000000003d900000,0x000000003da00000)]
  0x000000001d6b5800 JavaThread "Worker Daemon Execution Thread 12" [_thread_blocked, id=7936, stack(0x000000003d800000,0x000000003d900000)]
  0x000000001d6b4000 JavaThread "Worker Daemon Execution Thread 11" [_thread_blocked, id=6652, stack(0x000000003d700000,0x000000003d800000)]
  0x000000001d6a8800 JavaThread "Worker Daemon Execution Thread 10" [_thread_blocked, id=3316, stack(0x000000003d600000,0x000000003d700000)]
  0x000000001d6ae800 JavaThread "Worker Daemon Execution Thread 9" [_thread_blocked, id=9380, stack(0x000000003d500000,0x000000003d600000)]
  0x000000001d6ae000 JavaThread "Worker Daemon Execution Thread 8" [_thread_blocked, id=11432, stack(0x000000003d400000,0x000000003d500000)]
  0x000000001d6ad000 JavaThread "Worker Daemon Execution Thread 7" [_thread_blocked, id=8900, stack(0x000000003d300000,0x000000003d400000)]
  0x000000001d6a9800 JavaThread "Worker Daemon Execution Thread 6" [_thread_blocked, id=10356, stack(0x000000003d200000,0x000000003d300000)]
  0x000000001d6ac800 JavaThread "Worker Daemon Execution Thread 5" [_thread_blocked, id=11560, stack(0x000000003d100000,0x000000003d200000)]
  0x000000001d6af800 JavaThread "Worker Daemon Execution Thread 4" [_thread_blocked, id=1664, stack(0x000000003d000000,0x000000003d100000)]
  0x000000001d6ab000 JavaThread "Worker Daemon Execution Thread 3" [_thread_blocked, id=12132, stack(0x000000003cf00000,0x000000003d000000)]
  0x000000001d6ab800 JavaThread "Worker Daemon Execution Thread 2" [_thread_blocked, id=8740, stack(0x000000003ce00000,0x000000003cf00000)]
  0x000000001d6aa000 JavaThread "Worker Daemon Execution" [_thread_blocked, id=8644, stack(0x000000003cd00000,0x000000003ce00000)]
  0x000000001c647000 JavaThread "Task worker for ':' Thread 3" [_thread_blocked, id=3620, stack(0x000000003cc00000,0x000000003cd00000)]
  0x000000001c646800 JavaThread "Task worker for ':' Thread 2" [_thread_blocked, id=2596, stack(0x000000003cb00000,0x000000003cc00000)]
  0x000000001c645800 JavaThread "Task worker for ':'" [_thread_blocked, id=11520, stack(0x000000003ca00000,0x000000003cb00000)]
  0x000000001c63e000 JavaThread "Cache worker for Build Output Cleanup Cache (C:\Users\ASUS\AndroidStudioProjects\YaraTube\.gradle\buildOutputCleanup)" [_thread_blocked, id=11020, stack(0x000000003c900000,0x000000003ca00000)]
  0x000000001c645000 JavaThread "Cache worker for task history cache (C:\Users\ASUS\AndroidStudioProjects\YaraTube\.gradle\4.4\taskHistory)" [_thread_blocked, id=6956, stack(0x000000003c800000,0x000000003c900000)]
  0x000000001c642800 JavaThread "Cache worker for file content cache (C:\Users\ASUS\AndroidStudioProjects\YaraTube\.gradle\4.4\fileContent)" [_thread_blocked, id=7460, stack(0x000000003c700000,0x000000003c800000)]
  0x000000001c644000 JavaThread "build operations Thread 4" [_thread_blocked, id=7412, stack(0x000000003c600000,0x000000003c700000)]
  0x000000001c640000 JavaThread "build operations Thread 3" [_thread_blocked, id=10896, stack(0x000000003c500000,0x000000003c600000)]
  0x000000001c641800 JavaThread "build operations Thread 2" [_thread_blocked, id=3796, stack(0x000000003c400000,0x000000003c500000)]
  0x000000001c63c800 JavaThread "build operations" [_thread_blocked, id=10904, stack(0x000000003c300000,0x000000003c400000)]
  0x000000001c63e800 JavaThread "Cache worker for Artifact transforms cache (C:\Users\ASUS\.gradle\caches\transforms-1)" [_thread_blocked, id=5292, stack(0x000000003c200000,0x000000003c300000)]
  0x000000001c643800 JavaThread "Cache worker for file hash cache (C:\Users\ASUS\AndroidStudioProjects\YaraTube\.gradle\4.4\fileHashes)" [_thread_blocked, id=11576, stack(0x000000003c100000,0x000000003c200000)]
  0x000000001c63f800 JavaThread "Stdin handler" [_thread_blocked, id=11072, stack(0x000000003c000000,0x000000003c100000)]
  0x000000001c639800 JavaThread "Asynchronous log dispatcher for DefaultDaemonConnection: socket connection from /127.0.0.1:55477 to /127.0.0.1:59272" [_thread_blocked, id=9492, stack(0x000000003bf00000,0x000000003c000000)]
  0x000000001c63b800 JavaThread "Cancel handler" [_thread_blocked, id=10832, stack(0x000000003be00000,0x000000003bf00000)]
  0x000000001c638800 JavaThread "Handler for socket connection from /127.0.0.1:55477 to /127.0.0.1:59272" [_thread_in_native, id=1292, stack(0x000000003bd00000,0x000000003be00000)]
  0x000000001c63b000 JavaThread "Daemon worker Thread 8" [_thread_blocked, id=10428, stack(0x000000003ad00000,0x000000003ae00000)]
  0x000000001c63a000 JavaThread "Daemon Thread 8" [_thread_blocked, id=4248, stack(0x000000003aa00000,0x000000003ab00000)]
  0x000000001c63d000 JavaThread "Java2D Disposer" daemon [_thread_blocked, id=4864, stack(0x000000002fd00000,0x000000002fe00000)]
  0x0000000018e67800 JavaThread "Memory manager" [_thread_blocked, id=8004, stack(0x0000000021330000,0x0000000021430000)]
  0x000000001cac5000 JavaThread "pool-1-thread-1" [_thread_blocked, id=6680, stack(0x0000000021030000,0x0000000021130000)]
  0x0000000019ed9800 JavaThread "File lock request listener" [_thread_in_native, id=10992, stack(0x000000001b630000,0x000000001b730000)]
  0x0000000019d1d800 JavaThread "Cache worker for file hash cache (C:\Users\ASUS\.gradle\caches\4.4\fileHashes)" [_thread_blocked, id=12044, stack(0x000000001b530000,0x000000001b630000)]
  0x0000000019b3e800 JavaThread "Daemon periodic checks" [_thread_blocked, id=1980, stack(0x000000001aa30000,0x000000001ab30000)]
  0x0000000019b2a000 JavaThread "Incoming local TCP Connector on port 55477" [_thread_in_native, id=876, stack(0x000000001a7f0000,0x000000001a8f0000)]
  0x0000000018508800 JavaThread "Service Thread" daemon [_thread_blocked, id=2340, stack(0x00000000188e0000,0x00000000189e0000)]
  0x0000000016ba4000 JavaThread "C1 CompilerThread2" daemon [_thread_blocked, id=3572, stack(0x00000000183e0000,0x00000000184e0000)]
=>0x0000000016ba1000 JavaThread "C2 CompilerThread1" daemon [_thread_in_native, id=12036, stack(0x00000000182e0000,0x00000000183e0000)]
  0x0000000016ba8000 JavaThread "C2 CompilerThread0" daemon [_thread_blocked, id=6724, stack(0x00000000181e0000,0x00000000182e0000)]
  0x0000000016ba7000 JavaThread "Attach Listener" daemon [_thread_blocked, id=2452, stack(0x00000000180e0000,0x00000000181e0000)]
  0x0000000016ba6000 JavaThread "Signal Dispatcher" daemon [_thread_blocked, id=484, stack(0x0000000017fe0000,0x00000000180e0000)]
  0x0000000016b8e000 JavaThread "Finalizer" daemon [_thread_blocked, id=3840, stack(0x0000000017df0000,0x0000000017ef0000)]
  0x0000000003223000 JavaThread "Reference Handler" daemon [_thread_blocked, id=11252, stack(0x0000000017cf0000,0x0000000017df0000)]
  0x0000000002fae800 JavaThread "main" [_thread_blocked, id=6552, stack(0x0000000003030000,0x0000000003130000)]

Other Threads:
  0x0000000016b64800 VMThread [stack: 0x0000000017bf0000,0x0000000017cf0000] [id=7020]
  0x0000000016bfe800 WatcherThread [stack: 0x00000000189e0000,0x0000000018ae0000] [id=12168]

VM state:not at safepoint (normal execution)

VM Mutex/Monitor currently owned by a thread: None

Heap:
 PSYoungGen      total 301056K, used 272011K [0x00000000e0000000, 0x00000000ff580000, 0x0000000100000000)
  eden space 279552K, 89% used [0x00000000e0000000,0x00000000ef4dbf38,0x00000000f1100000)
  from space 21504K, 98% used [0x00000000f1100000,0x00000000f25c6eb8,0x00000000f2600000)
  to   space 114688K, 0% used [0x00000000f8580000,0x00000000f8580000,0x00000000ff580000)
 ParOldGen       total 455168K, used 398651K [0x00000000a0000000, 0x00000000bbc80000, 0x00000000e0000000)
  object space 455168K, 87% used [0x00000000a0000000,0x00000000b854eeb0,0x00000000bbc80000)
 Metaspace       used 127994K, capacity 132974K, committed 133208K, reserved 1165312K
  class space    used 15690K, capacity 16656K, committed 16768K, reserved 1048576K

Card table byte_map: [0x00000000125f0000,0x0000000012900000] byte_map_base: 0x00000000120f0000

Marking Bits: (ParMarkBitMap*) 0x000000006bc94970
 Begin Bits: [0x0000000012f00000, 0x0000000014700000)
 End Bits:   [0x0000000014700000, 0x0000000015f00000)

Polling page: 0x0000000001710000

CodeCache: size=245760Kb used=78566Kb max_used=78588Kb free=167193Kb
 bounds [0x0000000003230000, 0x0000000007f60000, 0x0000000012230000]
 total_blobs=23028 nmethods=22044 adapters=894
 compilation: enabled

Compilation events (10 events):
Event: 4586.158 Thread 0x0000000016ba4000 nmethod 29084 0x0000000007f41d10 code [0x0000000007f41ea0, 0x0000000007f423f8]
Event: 4586.158 Thread 0x0000000016ba4000 29085       3       com.sun.org.apache.xerces.internal.dom.ChildNode::getParentNode (16 bytes)
Event: 4586.158 Thread 0x0000000016ba4000 nmethod 29085 0x0000000007f41810 code [0x0000000007f41980, 0x0000000007f41c70]
Event: 4586.164 Thread 0x0000000016ba1000 nmethod 29077 0x0000000007f40ad0 code [0x0000000007f40c40, 0x0000000007f41378]
Event: 4586.164 Thread 0x0000000016ba1000 29088       4       com.sun.org.apache.xerces.internal.dom.ElementImpl::getTagName (16 bytes)
Event: 4586.166 Thread 0x0000000016ba1000 nmethod 29088 0x0000000007f486d0 code [0x0000000007f48820, 0x0000000007f48998]
Event: 4586.166 Thread 0x0000000016ba1000 29087       4       com.android.utils.XmlUtils::append (540 bytes)
Event: 4586.335 Thread 0x0000000016ba8000 nmethod 29079 0x0000000007f54750 code [0x0000000007f54b80, 0x0000000007f57d98]
Event: 4586.337 Thread 0x0000000016ba8000 29080       4       com.sun.org.apache.xerces.internal.dom.AttributeMap::reconcileDefaults (209 bytes)
Event: 4586.341 Thread 0x0000000016ba8000 nmethod 29080 0x0000000007f46c10 code [0x0000000007f46d60, 0x0000000007f46fb8]

GC Heap History (10 events):
Event: 3649.957 GC heap before
{Heap before GC invocations=40 (full 5):
 PSYoungGen      total 379904K, used 283817K [0x00000000e0000000, 0x0000000100000000, 0x0000000100000000)
  eden space 242176K, 100% used [0x00000000e0000000,0x00000000eec80000,0x00000000eec80000)
  from space 137728K, 30% used [0x00000000f6a00000,0x00000000f92aa4e8,0x00000000ff080000)
  to   space 128512K, 0% used [0x00000000eec80000,0x00000000eec80000,0x00000000f6a00000)
 ParOldGen       total 455168K, used 299884K [0x00000000a0000000, 0x00000000bbc80000, 0x00000000e0000000)
  object space 455168K, 65% used [0x00000000a0000000,0x00000000b24db2d0,0x00000000bbc80000)
 Metaspace       used 126706K, capacity 130984K, committed 131160K, reserved 1163264K
  class space    used 15546K, capacity 16425K, committed 16512K, reserved 1048576K
Event: 3650.111 GC heap after
Heap after GC invocations=40 (full 5):
 PSYoungGen      total 370688K, used 49502K [0x00000000e0000000, 0x00000000feb00000, 0x0000000100000000)
  eden space 242176K, 0% used [0x00000000e0000000,0x00000000e0000000,0x00000000eec80000)
  from space 128512K, 38% used [0x00000000eec80000,0x00000000f1cd7820,0x00000000f6a00000)
  to   space 122368K, 0% used [0x00000000f7380000,0x00000000f7380000,0x00000000feb00000)
 ParOldGen       total 455168K, used 334642K [0x00000000a0000000, 0x00000000bbc80000, 0x00000000e0000000)
  object space 455168K, 73% used [0x00000000a0000000,0x00000000b46cca98,0x00000000bbc80000)
 Metaspace       used 126706K, capacity 130984K, committed 131160K, reserved 1163264K
  class space    used 15546K, capacity 16425K, committed 16512K, reserved 1048576K
}
Event: 3653.831 GC heap before
{Heap before GC invocations=41 (full 5):
 PSYoungGen      total 370688K, used 291678K [0x00000000e0000000, 0x00000000feb00000, 0x0000000100000000)
  eden space 242176K, 100% used [0x00000000e0000000,0x00000000eec80000,0x00000000eec80000)
  from space 128512K, 38% used [0x00000000eec80000,0x00000000f1cd7820,0x00000000f6a00000)
  to   space 122368K, 0% used [0x00000000f7380000,0x00000000f7380000,0x00000000feb00000)
 ParOldGen       total 455168K, used 334642K [0x00000000a0000000, 0x00000000bbc80000, 0x00000000e0000000)
  object space 455168K, 73% used [0x00000000a0000000,0x00000000b46cca98,0x00000000bbc80000)
 Metaspace       used 126834K, capacity 131124K, committed 131416K, reserved 1165312K
  class space    used 15556K, capacity 16427K, committed 16512K, reserved 1048576K
Event: 3653.918 GC heap after
Heap after GC invocations=41 (full 5):
 PSYoungGen      total 379392K, used 67363K [0x00000000e0000000, 0x00000000ffc00000, 0x0000000100000000)
  eden space 257024K, 0% used [0x00000000e0000000,0x00000000e0000000,0x00000000efb00000)
  from space 122368K, 55% used [0x00000000f7380000,0x00000000fb548e50,0x00000000feb00000)
  to   space 123392K, 0% used [0x00000000efb00000,0x00000000efb00000,0x00000000f7380000)
 ParOldGen       total 455168K, used 366127K [0x00000000a0000000, 0x00000000bbc80000, 0x00000000e0000000)
  object space 455168K, 80% used [0x00000000a0000000,0x00000000b658be08,0x00000000bbc80000)
 Metaspace       used 126834K, capacity 131124K, committed 131416K, reserved 1165312K
  class space    used 15556K, capacity 16427K, committed 16512K, reserved 1048576K
}
Event: 3655.316 GC heap before
{Heap before GC invocations=42 (full 5):
 PSYoungGen      total 379392K, used 324214K [0x00000000e0000000, 0x00000000ffc00000, 0x0000000100000000)
  eden space 257024K, 99% used [0x00000000e0000000,0x00000000efad4c10,0x00000000efb00000)
  from space 122368K, 55% used [0x00000000f7380000,0x00000000fb548e50,0x00000000feb00000)
  to   space 123392K, 0% used [0x00000000efb00000,0x00000000efb00000,0x00000000f7380000)
 ParOldGen       total 455168K, used 366383K [0x00000000a0000000, 0x00000000bbc80000, 0x00000000e0000000)
  object space 455168K, 80% used [0x00000000a0000000,0x00000000b65cbe18,0x00000000bbc80000)
 Metaspace       used 126878K, capacity 131194K, committed 131416K, reserved 1165312K
  class space    used 15562K, capacity 16438K, committed 16512K, reserved 1048576K
Event: 3655.340 GC heap after
Heap after GC invocations=42 (full 5):
 PSYoungGen      total 380416K, used 15405K [0x00000000e0000000, 0x00000000ffc00000, 0x0000000100000000)
  eden space 257024K, 0% used [0x00000000e0000000,0x00000000e0000000,0x00000000efb00000)
  from space 123392K, 12% used [0x00000000efb00000,0x00000000f0a0b410,0x00000000f7380000)
  to   space 120832K, 0% used [0x00000000f8600000,0x00000000f8600000,0x00000000ffc00000)
 ParOldGen       total 455168K, used 391370K [0x00000000a0000000, 0x00000000bbc80000, 0x00000000e0000000)
  object space 455168K, 85% used [0x00000000a0000000,0x00000000b7e32928,0x00000000bbc80000)
 Metaspace       used 126878K, capacity 131194K, committed 131416K, reserved 1165312K
  class space    used 15562K, capacity 16438K, committed 16512K, reserved 1048576K
}
Event: 4526.474 GC heap before
{Heap before GC invocations=43 (full 5):
 PSYoungGen      total 380416K, used 272429K [0x00000000e0000000, 0x00000000ffc00000, 0x0000000100000000)
  eden space 257024K, 100% used [0x00000000e0000000,0x00000000efb00000,0x00000000efb00000)
  from space 123392K, 12% used [0x00000000efb00000,0x00000000f0a0b410,0x00000000f7380000)
  to   space 120832K, 0% used [0x00000000f8600000,0x00000000f8600000,0x00000000ffc00000)
 ParOldGen       total 455168K, used 391381K [0x00000000a0000000, 0x00000000bbc80000, 0x00000000e0000000)
  object space 455168K, 85% used [0x00000000a0000000,0x00000000b7e355a0,0x00000000bbc80000)
 Metaspace       used 127557K, capacity 132530K, committed 132696K, reserved 1165312K
  class space    used 15674K, capacity 16648K, committed 16768K, reserved 1048576K
Event: 4526.503 GC heap after
Heap after GC invocations=43 (full 5):
 PSYoungGen      total 399872K, used 2735K [0x00000000e0000000, 0x00000000ffb80000, 0x0000000100000000)
  eden space 279552K, 0% used [0x00000000e0000000,0x00000000e0000000,0x00000000f1100000)
  from space 120320K, 2% used [0x00000000f8600000,0x00000000f88abe70,0x00000000ffb80000)
  to   space 119808K, 0% used [0x00000000f1100000,0x00000000f1100000,0x00000000f8600000)
 ParOldGen       total 455168K, used 398086K [0x00000000a0000000, 0x00000000bbc80000, 0x00000000e0000000)
  object space 455168K, 87% used [0x00000000a0000000,0x00000000b84c1b18,0x00000000bbc80000)
 Metaspace       used 127557K, capacity 132530K, committed 132696K, reserved 1165312K
  class space    used 15674K, capacity 16648K, committed 16768K, reserved 1048576K
}
Event: 4584.164 GC heap before
{Heap before GC invocations=44 (full 5):
 PSYoungGen      total 399872K, used 282287K [0x00000000e0000000, 0x00000000ffb80000, 0x0000000100000000)
  eden space 279552K, 100% used [0x00000000e0000000,0x00000000f1100000,0x00000000f1100000)
  from space 120320K, 2% used [0x00000000f8600000,0x00000000f88abe70,0x00000000ffb80000)
  to   space 119808K, 0% used [0x00000000f1100000,0x00000000f1100000,0x00000000f8600000)
 ParOldGen       total 455168K, used 398086K [0x00000000a0000000, 0x00000000bbc80000, 0x00000000e0000000)
  object space 455168K, 87% used [0x00000000a0000000,0x00000000b84c1b18,0x00000000bbc80000)
 Metaspace       used 127881K, capacity 132846K, committed 133208K, reserved 1165312K
  class space    used 15690K, capacity 16656K, committed 16768K, reserved 1048576K
Event: 4584.187 GC heap after
Heap after GC invocations=44 (full 5):
 PSYoungGen      total 301056K, used 21275K [0x00000000e0000000, 0x00000000ff580000, 0x0000000100000000)
  eden space 279552K, 0% used [0x00000000e0000000,0x00000000e0000000,0x00000000f1100000)
  from space 21504K, 98% used [0x00000000f1100000,0x00000000f25c6eb8,0x00000000f2600000)
  to   space 114688K, 0% used [0x00000000f8580000,0x00000000f8580000,0x00000000ff580000)
 ParOldGen       total 455168K, used 398651K [0x00000000a0000000, 0x00000000bbc80000, 0x00000000e0000000)
  object space 455168K, 87% used [0x00000000a0000000,0x00000000b854eeb0,0x00000000bbc80000)
 Metaspace       used 127881K, capacity 132846K, committed 133208K, reserved 1165312K
  class space    used 15690K, capacity 16656K, committed 16768K, reserved 1048576K
}

Deoptimization events (10 events):
Event: 4577.637 Thread 0x000000001c63b000 Uncommon trap: reason=unstable_if action=reinterpret pc=0x0000000007d0c144 method=com.google.common.collect.AbstractMapBasedMultimap.wrapCollection(Ljava/lang/Object;Ljava/util/Collection;)Ljava/util/Collection; @ 4
Event: 4578.558 Thread 0x000000001c639800 Uncommon trap: reason=unstable_if action=reinterpret pc=0x00000000046f67bc method=com.esotericsoftware.kryo.io.Output.writeLong(JZ)I @ 55
Event: 4584.371 Thread 0x000000001c646800 Uncommon trap: reason=class_check action=maybe_recompile pc=0x000000000569f7b0 method=com.google.common.collect.StandardTable$Row.computeBackingRowMap()Ljava/util/Map; @ 11
Event: 4584.371 Thread 0x000000001c646800 Uncommon trap: reason=class_check action=maybe_recompile pc=0x000000000569f7b0 method=com.google.common.collect.StandardTable$Row.computeBackingRowMap()Ljava/util/Map; @ 11
Event: 4584.371 Thread 0x000000001c646800 Uncommon trap: reason=class_check action=maybe_recompile pc=0x000000000569f7b0 method=com.google.common.collect.StandardTable$Row.computeBackingRowMap()Ljava/util/Map; @ 11
Event: 4584.371 Thread 0x000000001c646800 Uncommon trap: reason=class_check action=maybe_recompile pc=0x000000000569f7b0 method=com.google.common.collect.StandardTable$Row.computeBackingRowMap()Ljava/util/Map; @ 11
Event: 4584.565 Thread 0x000000001c63b000 Uncommon trap: reason=null_check action=make_not_entrant pc=0x0000000003df68a0 method=java.lang.ThreadLocal$ThreadLocalMap.getEntryAfterMiss(Ljava/lang/ThreadLocal;ILjava/lang/ThreadLocal$ThreadLocalMap$Entry;)Ljava/lang/ThreadLocal$ThreadLocalMap$Entry; 
Event: 4585.616 Thread 0x000000001d6af800 Uncommon trap: reason=unstable_if action=reinterpret pc=0x0000000007d5d7f8 method=java.io.ExpiringCache.put(Ljava/lang/String;Ljava/lang/String;)V @ 29
Event: 4586.157 Thread 0x000000001c646800 Uncommon trap: reason=unstable_if action=reinterpret pc=0x0000000004d51020 method=com.sun.org.apache.xerces.internal.dom.CoreDocumentImpl.getUserDataRecord(Lorg/w3c/dom/Node;)Ljava/util/Map; @ 4
Event: 4586.157 Thread 0x000000001c646800 Uncommon trap: reason=unstable_if action=reinterpret pc=0x00000000054ee928 method=com.sun.org.apache.xerces.internal.dom.ChildNode.getParentNode()Lorg/w3c/dom/Node; @ 4

Classes redefined (0 events):
No events

Internal exceptions (10 events):
Event: 4577.448 Thread 0x000000001c63b000 Exception <a 'sun/nio/fs/WindowsException'> (0x00000000e7679fd0) thrown at [D:\src\AOSP-openjdk-cygwin\jdk8u\hotspot\src\share\vm\prims\jni.cpp, line 709]
Event: 4577.448 Thread 0x000000001c63b000 Exception <a 'sun/nio/fs/WindowsException'> (0x00000000e767ac80) thrown at [D:\src\AOSP-openjdk-cygwin\jdk8u\hotspot\src\share\vm\prims\jni.cpp, line 709]
Event: 4577.450 Thread 0x000000001c63b000 Exception <a 'sun/nio/fs/WindowsException'> (0x00000000e767c960) thrown at [D:\src\AOSP-openjdk-cygwin\jdk8u\hotspot\src\share\vm\prims\jni.cpp, line 709]
Event: 4577.450 Thread 0x000000001c63b000 Exception <a 'sun/nio/fs/WindowsException'> (0x00000000e767d650) thrown at [D:\src\AOSP-openjdk-cygwin\jdk8u\hotspot\src\share\vm\prims\jni.cpp, line 709]
Event: 4577.451 Thread 0x000000001c63b000 Exception <a 'sun/nio/fs/WindowsException'> (0x00000000e7680468) thrown at [D:\src\AOSP-openjdk-cygwin\jdk8u\hotspot\src\share\vm\prims\jni.cpp, line 709]
Event: 4577.452 Thread 0x000000001c63b000 Exception <a 'sun/nio/fs/WindowsException'> (0x00000000e7681140) thrown at [D:\src\AOSP-openjdk-cygwin\jdk8u\hotspot\src\share\vm\prims\jni.cpp, line 709]
Event: 4577.452 Thread 0x000000001c63b000 Exception <a 'sun/nio/fs/WindowsException'> (0x00000000e7682e48) thrown at [D:\src\AOSP-openjdk-cygwin\jdk8u\hotspot\src\share\vm\prims\jni.cpp, line 709]
Event: 4577.452 Thread 0x000000001c63b000 Exception <a 'sun/nio/fs/WindowsException'> (0x00000000e7683b60) thrown at [D:\src\AOSP-openjdk-cygwin\jdk8u\hotspot\src\share\vm\prims\jni.cpp, line 709]
Event: 4584.565 Thread 0x000000001c63b000 Implicit null exception at 0x0000000003df63e7 to 0x0000000003df6881
Event: 4586.157 Thread 0x000000001c646800 Implicit null exception at 0x0000000004d50e4d to 0x0000000004d51011

Events (10 events):
Event: 4586.284 Executing VM operation: RevokeBias
Event: 4586.284 Executing VM operation: RevokeBias done
Event: 4586.284 Executing VM operation: RevokeBias
Event: 4586.284 Executing VM operation: RevokeBias done
Event: 4586.284 Executing VM operation: RevokeBias
Event: 4586.284 Executing VM operation: RevokeBias done
Event: 4586.284 Executing VM operation: RevokeBias
Event: 4586.284 Executing VM operation: RevokeBias done
Event: 4586.284 Thread 0x000000001e754800 Thread exited: 0x000000001e754800
Event: 4586.285 Thread 0x000000001e74f000 Thread exited: 0x000000001e74f000


Dynamic libraries:
0x00007ff69c970000 - 0x00007ff69c9a1000 	C:\Program Files\Android\Android Studio\jre\bin\java.exe
0x00007fff606d0000 - 0x00007fff608b1000 	C:\WINDOWS\SYSTEM32\ntdll.dll
0x00007fff5fed0000 - 0x00007fff5ff82000 	C:\WINDOWS\System32\KERNEL32.DLL
0x00007fff5d780000 - 0x00007fff5d9f3000 	C:\WINDOWS\System32\KERNELBASE.dll
0x00007fff5f9a0000 - 0x00007fff5fa41000 	C:\WINDOWS\System32\ADVAPI32.dll
0x00007fff60480000 - 0x00007fff6051e000 	C:\WINDOWS\System32\msvcrt.dll
0x00007fff5e010000 - 0x00007fff5e06b000 	C:\WINDOWS\System32\sechost.dll
0x00007fff5fda0000 - 0x00007fff5fec4000 	C:\WINDOWS\System32\RPCRT4.dll
0x00007fff5de80000 - 0x00007fff5e010000 	C:\WINDOWS\System32\USER32.dll
0x00007fff5d260000 - 0x00007fff5d280000 	C:\WINDOWS\System32\win32u.dll
0x00007fff5e530000 - 0x00007fff5e558000 	C:\WINDOWS\System32\GDI32.dll
0x00007fff5d280000 - 0x00007fff5d412000 	C:\WINDOWS\System32\gdi32full.dll
0x00007fff5d6e0000 - 0x00007fff5d77f000 	C:\WINDOWS\System32\msvcp_win.dll
0x00007fff5da60000 - 0x00007fff5db5a000 	C:\WINDOWS\System32\ucrtbase.dll
0x00007fff434d0000 - 0x00007fff43739000 	C:\WINDOWS\WinSxS\amd64_microsoft.windows.common-controls_6595b64144ccf1df_6.0.17134.228_none_fb4599993062b194\COMCTL32.dll
0x00007fff600f0000 - 0x00007fff60413000 	C:\WINDOWS\System32\combase.dll
0x00007fff5d660000 - 0x00007fff5d6da000 	C:\WINDOWS\System32\bcryptPrimitives.dll
0x00007fff605a0000 - 0x00007fff605cd000 	C:\WINDOWS\System32\IMM32.DLL
0x000000006bd10000 - 0x000000006bde2000 	C:\Program Files\Android\Android Studio\jre\jre\bin\msvcr100.dll
0x000000006b4d0000 - 0x000000006bd0f000 	C:\Program Files\Android\Android Studio\jre\jre\bin\server\jvm.dll
0x00007fff5db60000 - 0x00007fff5db68000 	C:\WINDOWS\System32\PSAPI.DLL
0x00007fff585c0000 - 0x00007fff585e3000 	C:\WINDOWS\SYSTEM32\WINMM.dll
0x00007fff53e50000 - 0x00007fff53e5a000 	C:\WINDOWS\SYSTEM32\VERSION.dll
0x00007fff474c0000 - 0x00007fff474c9000 	C:\WINDOWS\SYSTEM32\WSOCK32.dll
0x00007fff5e070000 - 0x00007fff5e0dc000 	C:\WINDOWS\System32\WS2_32.dll
0x00007fff58590000 - 0x00007fff585ba000 	C:\WINDOWS\SYSTEM32\WINMMBASE.dll
0x00007fff5d420000 - 0x00007fff5d469000 	C:\WINDOWS\System32\cfgmgr32.dll
0x00007fff58890000 - 0x00007fff5889f000 	C:\Program Files\Android\Android Studio\jre\jre\bin\verify.dll
0x00007fff48670000 - 0x00007fff48699000 	C:\Program Files\Android\Android Studio\jre\jre\bin\java.dll
0x00007fff4ea00000 - 0x00007fff4ea16000 	C:\Program Files\Android\Android Studio\jre\jre\bin\zip.dll
0x00007fff5e560000 - 0x00007fff5f9a0000 	C:\WINDOWS\System32\SHELL32.dll
0x00007fff5ddd0000 - 0x00007fff5de79000 	C:\WINDOWS\System32\shcore.dll
0x00007fff5cb50000 - 0x00007fff5d25d000 	C:\WINDOWS\System32\windows.storage.dll
0x00007fff5fd40000 - 0x00007fff5fd91000 	C:\WINDOWS\System32\shlwapi.dll
0x00007fff5ca60000 - 0x00007fff5ca71000 	C:\WINDOWS\System32\kernel.appcore.dll
0x00007fff5ca40000 - 0x00007fff5ca5f000 	C:\WINDOWS\System32\profapi.dll
0x00007fff5c9f0000 - 0x00007fff5ca3c000 	C:\WINDOWS\System32\powrprof.dll
0x00007fff5c9e0000 - 0x00007fff5c9ea000 	C:\WINDOWS\System32\FLTLIB.DLL
0x00007fff491c0000 - 0x00007fff491da000 	C:\Program Files\Android\Android Studio\jre\jre\bin\net.dll
0x00007fff5c260000 - 0x00007fff5c2c6000 	C:\WINDOWS\system32\mswsock.dll
0x00007fff49170000 - 0x00007fff49181000 	C:\Program Files\Android\Android Studio\jre\jre\bin\nio.dll
0x00007fff58830000 - 0x00007fff5884e000 	C:\Users\ASUS\.gradle\native\25\windows-amd64\native-platform.dll
0x00007fff58800000 - 0x00007fff5880d000 	C:\Program Files\Android\Android Studio\jre\jre\bin\management.dll
0x00007fff5c410000 - 0x00007fff5c427000 	C:\WINDOWS\SYSTEM32\CRYPTSP.dll
0x00007fff5be40000 - 0x00007fff5be73000 	C:\WINDOWS\system32\rsaenh.dll
0x00007fff5c540000 - 0x00007fff5c565000 	C:\WINDOWS\SYSTEM32\bcrypt.dll
0x00007fff5c8e0000 - 0x00007fff5c908000 	C:\WINDOWS\SYSTEM32\USERENV.dll
0x00007fff5c430000 - 0x00007fff5c43b000 	C:\WINDOWS\SYSTEM32\CRYPTBASE.dll
0x00007fff5bfe0000 - 0x00007fff5c018000 	C:\WINDOWS\SYSTEM32\IPHLPAPI.DLL
0x00007fff5fa50000 - 0x00007fff5fa58000 	C:\WINDOWS\System32\NSI.dll
0x00007fff55af0000 - 0x00007fff55b06000 	C:\WINDOWS\SYSTEM32\dhcpcsvc6.DLL
0x00007fff55d30000 - 0x00007fff55d4a000 	C:\WINDOWS\SYSTEM32\dhcpcsvc.DLL
0x00007fff42840000 - 0x00007fff429d6000 	C:\Program Files\Android\Android Studio\jre\jre\bin\awt.dll
0x00007fff605d0000 - 0x00007fff60692000 	C:\WINDOWS\System32\OLEAUT32.dll
0x00007fff59040000 - 0x00007fff59607000 	C:\WINDOWS\SYSTEM32\d2d1.dll
0x00007fff59cf0000 - 0x00007fff59d7b000 	C:\WINDOWS\SYSTEM32\apphelp.dll
0x00007fff5afc0000 - 0x00007fff5afe9000 	C:\WINDOWS\system32\DWMAPI.DLL
0x00007fff59e70000 - 0x00007fff59f08000 	C:\WINDOWS\system32\uxtheme.dll
0x000000006adc0000 - 0x000000006aeb2000 	C:\Users\ASUS\AppData\Local\Temp\room-b8df03ce-6e37-413c-a83d-c67ce15b7b44\sqlite-3.20.1-d9cd8c6e-5a53-455c-85e9-eeaa087c35fc-sqlitejdbc.dll
0x00007fff5bad0000 - 0x00007fff5bb01000 	C:\WINDOWS\SYSTEM32\ntmarta.dll
0x00000000015d0000 - 0x00000000016c2000 	C:\Users\ASUS\AppData\Local\Temp\room-5ff5d6b4-3b30-4210-8f6a-442ad2563506\sqlite-3.20.1-94b1ffb2-c458-442b-8241-18f909c722a5-sqlitejdbc.dll
0x0000000020b30000 - 0x0000000020c22000 	C:\Users\ASUS\AppData\Local\Temp\room-d09551da-7e16-4614-b6cd-5b594a2630d8\sqlite-3.20.1-4537b156-51a3-4db8-8a13-a47c362f5ca5-sqlitejdbc.dll

VM Arguments:
jvm_args: -Xmx1536m -Dfile.encoding=windows-1252 -Duser.country=US -Duser.language=en -Duser.variant 
java_command: org.gradle.launcher.daemon.bootstrap.GradleDaemon 4.4
java_class_path (initial): C:\Users\ASUS\.gradle\wrapper\dists\gradle-4.4-all\9br9xq1tocpiv8o6njlyu5op1\gradle-4.4\lib\gradle-launcher-4.4.jar
Launcher Type: SUN_STANDARD

Environment Variables:
JAVA_HOME=C:\Program Files\Java\jdk-10.0.2
PATH=C:\Program Files (x86)\Common Files\Oracle\Java\javapath;C:\Program Files (x86)\Intel\iCLS Client\;C:\Program Files\Intel\iCLS Client\;C:\WINDOWS\system32;C:\WINDOWS;C:\WINDOWS\System32\Wbem;C:\WINDOWS\System32\WindowsPowerShell\v1.0\;C:\Program Files (x86)\Intel\Intel(R) Management Engine Components\DAL;C:\Program Files\Intel\Intel(R) Management Engine Components\DAL;C:\Program Files (x86)\Intel\Intel(R) Management Engine Components\IPT;C:\Program Files\Intel\Intel(R) Management Engine Components\IPT;C:\Program Files\MATLAB\R2017a\runtime\win64;C:\Program Files\MATLAB\R2017a\bin;C:\Program Files\Intel\WiFi\bin\;C:\Program Files\Common Files\Intel\WirelessCommon\;C:\Program Files (x86)\GtkSharp\2.12\bin;C:\WINDOWS\System32\OpenSSH\;C:\Program Files\Git\cmd;C:\Program Files\Java\jdk-10.0.2\bin;;C:\Program Files\Microsoft VS Code\bin;C:\Users\ASUS\AppData\Local\Microsoft\WindowsApps;;C:\Program Files\Microsoft VS Code\bin
USERNAME=ASUS
OS=Windows_NT
PROCESSOR_IDENTIFIER=Intel64 Family 6 Model 142 Stepping 9, GenuineIntel



---------------  S Y S T E M  ---------------

OS: Windows 10.0 , 64 bit Build 17134 (10.0.17134.1)

CPU:total 4 (initial active 4) (2 cores per cpu, 2 threads per core) family 6 model 142 stepping 9, cmov, cx8, fxsr, mmx, sse, sse2, sse3, ssse3, sse4.1, sse4.2, popcnt, avx, avx2, aes, clmul, erms, 3dnowpref, lzcnt, ht, tsc, tscinvbit, bmi1, bmi2, adx

Memory: 4k page, physical 8271112k(1366280k free), swap 8271112k(5156k free)

vm_info: OpenJDK 64-Bit Server VM (25.152-b02) for windows-amd64 JRE (1.8.0_152-release-1024-b02), built by "builder" with MS VC++ 10.0 (VS2010)

time: Tue Sep 11 13:50:16 2018
elapsed time: 4586 seconds (0d 1h 16m 26s)

